Using pre-set license
Built from '2020.3/staging' branch; Version is '2020.3.29f1 (2ff179115da0) revision 3142009'; Using compiler version '192528614'; Build Type 'Release'
OS: 'Windows 10  (10.0.19044) 64bit Education' Language: 'en' Physical Memory: 12193 MB
BatchMode: 1, IsHumanControllingUs: 0, StartBugReporterOnCrash: 0, Is64bit: 1, IsPro: 0

COMMAND LINE ARGUMENTS:
C:\Program Files\Unity\Hub\Editor\2020.3.29f1\Editor\Unity.exe
-adb2
-batchMode
-noUpm
-name
AssetImportWorker0
-projectPath
C:/Users/Administrator/Documents/GitHub/unity-create-with-code2/Lab - CubeDefender
-logFile
Logs/AssetImportWorker0.log
-srvPort
61920
Successfully changed project path to: C:/Users/Administrator/Documents/GitHub/unity-create-with-code2/Lab - CubeDefender
C:/Users/Administrator/Documents/GitHub/unity-create-with-code2/Lab - CubeDefender
Using Asset Import Pipeline V2.
Refreshing native plugins compatible for Editor in 65.89 ms, found 2 plugins.
Preloading 0 native plugins for Editor in 0.00 ms.
Initialize engine version: 2020.3.29f1 (2ff179115da0)
[Subsystems] Discovering subsystems at path C:/Program Files/Unity/Hub/Editor/2020.3.29f1/Editor/Data/Resources/UnitySubsystems
[Subsystems] Discovering subsystems at path C:/Users/Administrator/Documents/GitHub/unity-create-with-code2/Lab - CubeDefender/Assets
GfxDevice: creating device client; threaded=0
Direct3D:
    Version:  Direct3D 11.0 [level 11.1]
    Renderer: Intel(R) HD Graphics 4600 (ID=0x412)
    Vendor:   
    VRAM:     2048 MB
    Driver:   20.19.15.5063
Initialize mono
Mono path[0] = 'C:/Program Files/Unity/Hub/Editor/2020.3.29f1/Editor/Data/Managed'
Mono path[1] = 'C:/Program Files/Unity/Hub/Editor/2020.3.29f1/Editor/Data/MonoBleedingEdge/lib/mono/unityjit'
Mono config path = 'C:/Program Files/Unity/Hub/Editor/2020.3.29f1/Editor/Data/MonoBleedingEdge/etc'
Using monoOptions --debugger-agent=transport=dt_socket,embedding=1,server=y,suspend=n,address=127.0.0.1:56168
Begin MonoManager ReloadAssembly
Registering precompiled unity dll's ...
Register platform support module: C:/Program Files/Unity/Hub/Editor/2020.3.29f1/Editor/Data/PlaybackEngines/WebGLSupport/UnityEditor.WebGL.Extensions.dll
Register platform support module: C:/Program Files/Unity/Hub/Editor/2020.3.29f1/Editor/Data/PlaybackEngines/WindowsStandaloneSupport/UnityEditor.WindowsStandalone.Extensions.dll
Registered in 0.002327 seconds.
Native extension for WindowsStandalone target not found
Native extension for WebGL target not found
Refreshing native plugins compatible for Editor in 52.91 ms, found 2 plugins.
Preloading 0 native plugins for Editor in 0.00 ms.
Mono: successfully reloaded assembly
- Completed reload, in  0.701 seconds
Domain Reload Profiling:
	ReloadAssembly (701ms)
		BeginReloadAssembly (88ms)
			ExecutionOrderSort (0ms)
			DisableScriptedObjects (0ms)
			BackupInstance (0ms)
			ReleaseScriptingObjects (0ms)
			CreateAndSetChildDomain (1ms)
		EndReloadAssembly (534ms)
			LoadAssemblies (86ms)
			RebuildTransferFunctionScriptingTraits (0ms)
			SetupTypeCache (196ms)
			ReleaseScriptCaches (0ms)
			RebuildScriptCaches (33ms)
			SetupLoadedEditorAssemblies (191ms)
				LogAssemblyErrors (0ms)
				InitializePlatformSupportModulesInManaged (5ms)
				SetLoadedEditorAssemblies (0ms)
				RefreshPlugins (53ms)
				BeforeProcessingInitializeOnLoad (9ms)
				ProcessInitializeOnLoadAttributes (92ms)
				ProcessInitializeOnLoadMethodAttributes (31ms)
				AfterProcessingInitializeOnLoad (0ms)
				EditorAssembliesLoaded (0ms)
			ExecutionOrderSort2 (0ms)
			AwakeInstancesAfterBackupRestoration (0ms)
Platform modules already initialized, skipping
Registering precompiled user dll's ...
Registered in 0.008086 seconds.
Begin MonoManager ReloadAssembly
Native extension for WindowsStandalone target not found
Native extension for WebGL target not found
Refreshing native plugins compatible for Editor in 1.22 ms, found 2 plugins.
Preloading 0 native plugins for Editor in 0.00 ms.
Mono: successfully reloaded assembly
- Completed reload, in  1.252 seconds
Domain Reload Profiling:
	ReloadAssembly (1253ms)
		BeginReloadAssembly (169ms)
			ExecutionOrderSort (0ms)
			DisableScriptedObjects (5ms)
			BackupInstance (0ms)
			ReleaseScriptingObjects (0ms)
			CreateAndSetChildDomain (23ms)
		EndReloadAssembly (1016ms)
			LoadAssemblies (111ms)
			RebuildTransferFunctionScriptingTraits (0ms)
			SetupTypeCache (337ms)
			ReleaseScriptCaches (1ms)
			RebuildScriptCaches (48ms)
			SetupLoadedEditorAssemblies (424ms)
				LogAssemblyErrors (0ms)
				InitializePlatformSupportModulesInManaged (8ms)
				SetLoadedEditorAssemblies (1ms)
				RefreshPlugins (1ms)
				BeforeProcessingInitializeOnLoad (81ms)
				ProcessInitializeOnLoadAttributes (275ms)
				ProcessInitializeOnLoadMethodAttributes (51ms)
				AfterProcessingInitializeOnLoad (6ms)
				EditorAssembliesLoaded (0ms)
			ExecutionOrderSort2 (0ms)
			AwakeInstancesAfterBackupRestoration (7ms)
Platform modules already initialized, skipping
========================================================================
Worker process is ready to serve import requests
Launched and connected shader compiler UnityShaderCompiler.exe after 0.14 seconds
Refreshing native plugins compatible for Editor in 0.98 ms, found 2 plugins.
Preloading 0 native plugins for Editor in 0.00 ms.
Unloading 2145 Unused Serialized files (Serialized files now loaded: 0)
System memory in use before: 85.8 MB.
System memory in use after: 85.8 MB.

Unloading 55 unused Assets to reduce memory usage. Loaded Objects now: 2552.
Total: 7.226100 ms (FindLiveObjects: 0.263400 ms CreateObjectMapping: 0.199800 ms MarkObjects: 6.661200 ms  DeleteObjects: 0.100200 ms)

AssetImportParameters requested are different than current active one (requested -> active):
  custom:framework-win-MediaFoundation: 216162199b28c13a410421893ffa2e32 -> 
  custom:video-decoder-ogg-theora: a1e56fd34408186e4bbccfd4996cb3dc -> 
  custom:container-muxer-webm: aa71ff27fc2769a1b78a27578f13a17b -> 
  custom:container-demuxer-webm: 4f35f7cbe854078d1ac9338744f61a02 -> 
  custom:container-demuxer-ogg: 62fdf1f143b41e24485cea50d1cbac27 -> 
  custom:video-encoder-webm-vp8: eb34c28f22e8b96e1ab97ce403110664 -> 
  custom:video-decoder-webm-vp8: 9c59270c3fd7afecdb556c50c9e8de78 -> 
  custom:audio-decoder-ogg-vorbis: bf7c407c2cedff20999df2af8eb42d56 -> 
  custom:audio-encoder-webm-vorbis: bf7c407c2cedff20999df2af8eb42d56 -> 
========================================================================
Received Import Request.
  path: Assets/Scenes/CubeDefender.unity
  artifactKey: Guid(22a3b27a1947cdd4196436a22242c95e) Importer(815301076,1909f56bfc062723c751e8b465ee728b)
Start importing Assets/Scenes/CubeDefender.unity using Guid(22a3b27a1947cdd4196436a22242c95e) Importer(815301076,1909f56bfc062723c751e8b465ee728b)  -> (artifact id: '9da6d6a94f522e07e7d32e6f5054ede8') in 0.032268 seconds 
  Import took 0.036087 seconds .

========================================================================
Received Import Request.
  Time since last request: 15110.174925 seconds.
  path: Assets/Scripts/AnimationDestroyOnExit.cs
  artifactKey: Guid(66e7df987fcc9374684800c30d147c7d) Importer(815301076,1909f56bfc062723c751e8b465ee728b)
Start importing Assets/Scripts/AnimationDestroyOnExit.cs using Guid(66e7df987fcc9374684800c30d147c7d) Importer(815301076,1909f56bfc062723c751e8b465ee728b)  -> (artifact id: 'f4ba61288b3a181f08a85488840a0b4b') in 0.048317 seconds 
  Import took 0.052775 seconds .

========================================================================
Received Import Request.
  Time since last request: 1.767185 seconds.
  path: Assets/Scripts/Buildable.cs
  artifactKey: Guid(b770d7594149d8f419d3f4c35a92f08a) Importer(815301076,1909f56bfc062723c751e8b465ee728b)
Start importing Assets/Scripts/Buildable.cs using Guid(b770d7594149d8f419d3f4c35a92f08a) Importer(815301076,1909f56bfc062723c751e8b465ee728b)  -> (artifact id: '93cffb4cb7443337cf8d6db57e6a51bf') in 0.037029 seconds 
  Import took 0.042437 seconds .

========================================================================
Received Import Request.
  Time since last request: 0.864237 seconds.
  path: Assets/Scripts/CreditPickup.cs
  artifactKey: Guid(375f00cafed944cd3a3a5f471f6c106a) Importer(815301076,1909f56bfc062723c751e8b465ee728b)
Start importing Assets/Scripts/CreditPickup.cs using Guid(375f00cafed944cd3a3a5f471f6c106a) Importer(815301076,1909f56bfc062723c751e8b465ee728b)  -> (artifact id: 'd8b16021fb2d04c9047f972cca91cbd4') in 0.012342 seconds 
  Import took 0.016317 seconds .

========================================================================
Received Import Request.
  Time since last request: 1.475433 seconds.
  path: Assets/Scripts/DamageController.cs
  artifactKey: Guid(74fa404b048e1024f9f729df13d5a94e) Importer(815301076,1909f56bfc062723c751e8b465ee728b)
Start importing Assets/Scripts/DamageController.cs using Guid(74fa404b048e1024f9f729df13d5a94e) Importer(815301076,1909f56bfc062723c751e8b465ee728b)  -> (artifact id: '364a4446b0bd479e405e2a9e18a04067') in 0.012714 seconds 
  Import took 0.017559 seconds .

========================================================================
Received Import Request.
  Time since last request: 0.745979 seconds.
  path: Assets/Scripts/GameOverOnDeath.cs
  artifactKey: Guid(b1427ae0564504c9f96c51eb1bec0fb4) Importer(815301076,1909f56bfc062723c751e8b465ee728b)
Start importing Assets/Scripts/GameOverOnDeath.cs using Guid(b1427ae0564504c9f96c51eb1bec0fb4) Importer(815301076,1909f56bfc062723c751e8b465ee728b)  -> (artifact id: 'ffe988c9cfb27df7c12c4e6ecb5b5daf') in 0.026731 seconds 
  Import took 0.033643 seconds .

========================================================================
Received Import Request.
  Time since last request: 1.565515 seconds.
  path: Assets/Scripts/GuiController.cs
  artifactKey: Guid(f99b5d10028c9244490db16048945a60) Importer(815301076,1909f56bfc062723c751e8b465ee728b)
Start importing Assets/Scripts/GuiController.cs using Guid(f99b5d10028c9244490db16048945a60) Importer(815301076,1909f56bfc062723c751e8b465ee728b)  -> (artifact id: '7737825a0d0b48eca4d0625410e570e6') in 0.009266 seconds 
  Import took 0.016389 seconds .

========================================================================
Received Import Request.
  Time since last request: 1.225288 seconds.
  path: Assets/Scripts/HealthBarController.cs
  artifactKey: Guid(9e2fecef87b514980b4eef6617500795) Importer(815301076,1909f56bfc062723c751e8b465ee728b)
Start importing Assets/Scripts/HealthBarController.cs using Guid(9e2fecef87b514980b4eef6617500795) Importer(815301076,1909f56bfc062723c751e8b465ee728b)  -> (artifact id: 'd7e750e0d8e3ce0885738e8dd3d65549') in 0.009579 seconds 
  Import took 0.018006 seconds .

========================================================================
Received Prepare
Registering precompiled user dll's ...
Registered in 0.797060 seconds.
Begin MonoManager ReloadAssembly
Native extension for WindowsStandalone target not found
Native extension for WebGL target not found
Refreshing native plugins compatible for Editor in 0.88 ms, found 2 plugins.
Preloading 0 native plugins for Editor in 0.00 ms.
Mono: successfully reloaded assembly
- Completed reload, in  9.324 seconds
Domain Reload Profiling:
	ReloadAssembly (9326ms)
		BeginReloadAssembly (3299ms)
			ExecutionOrderSort (0ms)
			DisableScriptedObjects (19ms)
			BackupInstance (0ms)
			ReleaseScriptingObjects (0ms)
			CreateAndSetChildDomain (75ms)
		EndReloadAssembly (5944ms)
			LoadAssemblies (5940ms)
			RebuildTransferFunctionScriptingTraits (0ms)
			SetupTypeCache (1368ms)
			ReleaseScriptCaches (1ms)
			RebuildScriptCaches (51ms)
			SetupLoadedEditorAssemblies (1480ms)
				LogAssemblyErrors (0ms)
				InitializePlatformSupportModulesInManaged (7ms)
				SetLoadedEditorAssemblies (1ms)
				RefreshPlugins (1ms)
				BeforeProcessingInitializeOnLoad (72ms)
				ProcessInitializeOnLoadAttributes (512ms)
				ProcessInitializeOnLoadMethodAttributes (881ms)
				AfterProcessingInitializeOnLoad (7ms)
				EditorAssembliesLoaded (0ms)
			ExecutionOrderSort2 (0ms)
			AwakeInstancesAfterBackupRestoration (9ms)
Platform modules already initialized, skipping
Refreshing native plugins compatible for Editor in 0.82 ms, found 2 plugins.
Preloading 0 native plugins for Editor in 0.00 ms.
Unloading 2139 Unused Serialized files (Serialized files now loaded: 0)
System memory in use before: 85.6 MB.
System memory in use after: 85.7 MB.

Unloading 46 unused Assets to reduce memory usage. Loaded Objects now: 2554.
Total: 6.315600 ms (FindLiveObjects: 0.169700 ms CreateObjectMapping: 0.085900 ms MarkObjects: 6.022600 ms  DeleteObjects: 0.036200 ms)

AssetImportParameters requested are different than current active one (requested -> active):
  custom:framework-win-MediaFoundation: 216162199b28c13a410421893ffa2e32 -> 
  custom:video-decoder-ogg-theora: a1e56fd34408186e4bbccfd4996cb3dc -> 
  custom:container-muxer-webm: aa71ff27fc2769a1b78a27578f13a17b -> 
  custom:container-demuxer-webm: 4f35f7cbe854078d1ac9338744f61a02 -> 
  custom:container-demuxer-ogg: 62fdf1f143b41e24485cea50d1cbac27 -> 
  custom:video-encoder-webm-vp8: eb34c28f22e8b96e1ab97ce403110664 -> 
  custom:video-decoder-webm-vp8: 9c59270c3fd7afecdb556c50c9e8de78 -> 
  custom:audio-decoder-ogg-vorbis: bf7c407c2cedff20999df2af8eb42d56 -> 
  custom:audio-encoder-webm-vorbis: bf7c407c2cedff20999df2af8eb42d56 -> 
========================================================================
Received Import Request.
  Time since last request: 70041.369276 seconds.
  path: Assets/Scripts/PlayerController.cs
  artifactKey: Guid(3ffcbd04ca9ae9444b71bcc7f84ef6b2) Importer(815301076,1909f56bfc062723c751e8b465ee728b)
Start importing Assets/Scripts/PlayerController.cs using Guid(3ffcbd04ca9ae9444b71bcc7f84ef6b2) Importer(815301076,1909f56bfc062723c751e8b465ee728b)  -> (artifact id: '7a81b29d8fd43190d9eeaaa2f82f8b0c') in 0.012640 seconds 
  Import took 0.016199 seconds .

========================================================================
Received Import Request.
  Time since last request: 1.691641 seconds.
  path: Assets/Scripts/SpawnManager.cs
  artifactKey: Guid(7faa200bd359f2d4fa454a3866e1e917) Importer(815301076,1909f56bfc062723c751e8b465ee728b)
Start importing Assets/Scripts/SpawnManager.cs using Guid(7faa200bd359f2d4fa454a3866e1e917) Importer(815301076,1909f56bfc062723c751e8b465ee728b)  -> (artifact id: 'cdca069adfd98d50dd4cc755ceefcabf') in 0.054768 seconds 
  Import took 0.062495 seconds .

========================================================================
Received Import Request.
  Time since last request: 3.665652 seconds.
  path: Assets/Scripts/ZombieSpawner.cs
  artifactKey: Guid(724527659c1a5a244bbc9355fa66b84c) Importer(815301076,1909f56bfc062723c751e8b465ee728b)
Start importing Assets/Scripts/ZombieSpawner.cs using Guid(724527659c1a5a244bbc9355fa66b84c) Importer(815301076,1909f56bfc062723c751e8b465ee728b)  -> (artifact id: 'b88acf6011456c1bf518531aa1c4b16e') in 0.030986 seconds 
  Import took 0.039098 seconds .

AssetImportWorkerClient::OnTransportError - code=2 error=End of file
